11/18/2015 10:33 AM Program exited with message:
 System.Exception: Error when loading alert.wav| Please be sure a sound file exists at the specified location.: ---> System.IO.FileNotFoundException: Please be sure a sound file exists at the specified location.
   at System.Media.SoundPlayer.Load()
   at PoeHUD.Hud.Sounds.AddSound(String name)
   --- End of inner exception stack trace ---
   at PoeHUD.Hud.Sounds.AddSound(String name)
   at PoeHUD.Hud.Sounds.LoadSounds()
   at PoeHUD.Program.Main(String[] args)
------------------------------
3/12/2016 8:16 PM Program exited with message:
 System.Exception: Error when loading alert.wav| Please be sure a sound file exists at the specified location.: ---> System.IO.FileNotFoundException: Please be sure a sound file exists at the specified location.
   at System.Media.SoundPlayer.Load()
   at PoeHUD.Hud.Sounds.AddSound(String name)
   --- End of inner exception stack trace ---
   at PoeHUD.Hud.Sounds.AddSound(String name)
   at PoeHUD.Hud.Sounds.LoadSounds()
   at PoeHUD.Program.Main(String[] args)
------------------------------
3/12/2016 8:36 PM Program exited with message:
 System.Exception: Error when loading alert.wav| Please be sure a sound file exists at the specified location.: ---> System.IO.FileNotFoundException: Please be sure a sound file exists at the specified location.
   at System.Media.SoundPlayer.Load()
   at PoeHUD.Hud.Sounds.AddSound(String name)
   --- End of inner exception stack trace ---
   at PoeHUD.Hud.Sounds.AddSound(String name)
   at PoeHUD.Hud.Sounds.LoadSounds()
   at PoeHUD.Program.Main(String[] args)
------------------------------
3/13/2016 2:34 PM Program exited with message:
 System.Exception: Error when loading alert.wav| Please be sure a sound file exists at the specified location.: ---> System.IO.FileNotFoundException: Please be sure a sound file exists at the specified location.
   at System.Media.SoundPlayer.Load()
   at PoeHUD.Hud.Sounds.AddSound(String name)
   --- End of inner exception stack trace ---
   at PoeHUD.Hud.Sounds.AddSound(String name)
   at PoeHUD.Hud.Sounds.LoadSounds()
   at PoeHUD.Program.Main(String[] args)
------------------------------
3/13/2016 2:49 PM Program exited with message:
 System.Exception: Error when loading alert.wav| Please be sure a sound file exists at the specified location.: ---> System.IO.FileNotFoundException: Please be sure a sound file exists at the specified location.
   at System.Media.SoundPlayer.Load()
   at PoeHUD.Hud.Sounds.AddSound(String name)
   --- End of inner exception stack trace ---
   at PoeHUD.Hud.Sounds.AddSound(String name)
   at PoeHUD.Hud.Sounds.LoadSounds()
   at PoeHUD.Program.Main(String[] args)
------------------------------
